<?xml version="1.0" encoding="UTF-8"?>
<!-- Generated by org.testng.reporters.JUnitReportReporter -->
<testsuite skipped="0" hostname="DESKTOP-UMGRGII" name="Config.PropertiesFile" tests="1" failures="0" timestamp="20 Mar 2019 12:36:38 GMT" time="0.015" errors="0">
  <testcase name="Call" time="0.015" classname="Config.PropertiesFile"/>
</testsuite> <!-- Config.PropertiesFile -->
