<?xml version="1.0" encoding="UTF-8"?>
<!-- Generated by org.testng.reporters.JUnitReportReporter -->
<testsuite skipped="0" hostname="DESKTOP-6OF826R" name="Test_Scripts.Main_Test_Script" tests="3" failures="0" timestamp="11 Oct 2019 10:01:02 GMT" time="118.319" errors="0">
  <testcase name="Set_Excel" time="5.926" classname="Test_Scripts.Main_Test_Script"/>
  <testcase name="Login" time="18.126" classname="Test_Scripts.Main_Test_Script"/>
  <testcase name="createopprt" time="94.267" classname="Test_Scripts.Main_Test_Script"/>
</testsuite> <!-- Test_Scripts.Main_Test_Script -->
